0 info it worked if it ends with ok
1 verbose cli [ 'C:\\Program Files\\nodejs\\node.exe',
1 verbose cli   'C:\\Program Files\\nodejs\\node_modules\\npm\\bin\\npm-cli.js',
1 verbose cli   'run',
1 verbose cli   'lite' ]
2 info using npm@3.6.0
3 info using node@v5.7.1
4 verbose run-script [ 'prelite', 'lite', 'postlite' ]
5 info lifecycle kelly@1.0.0~prelite: kelly@1.0.0
6 silly lifecycle kelly@1.0.0~prelite: no script for prelite, continuing
7 info lifecycle kelly@1.0.0~lite: kelly@1.0.0
8 verbose lifecycle kelly@1.0.0~lite: unsafe-perm in lifecycle true
9 verbose lifecycle kelly@1.0.0~lite: PATH: C:\Program Files\nodejs\node_modules\npm\bin\node-gyp-bin;c:\workspace\kelly\node_modules\.bin;C:\Windows\system32\;C:\Program Files\nodejs\;C:\Windows\system32\;C:\Program Files\nodejs\;C:\Program Files\nodejs\node_modules\npm\bin\node-gyp-bin;c:\workspace\kelly\node_modules\.bin;C:\Windows\system32\;C:\Windows\;C:\ProgramData\Oracle\Java\javapath;C:\Windows\system32;C:\Windows;C:\Windows\System32\Wbem;C:\Windows\System32\WindowsPowerShell\v1.0\;C:\Program Files\Intel\WiFi\bin\;C:\Program Files\Common Files\Intel\WirelessCommon\;C:\Program Files (x86)\Heroku\bin;C:\Program Files (x86)\git\cmd;C:\Program Files\nodejs\;C:\Users\kangyou\node_modules\vertx3-min\vertx\bin;c:\users\kangyou\;C:\Windows\Softcamp\SDS;C:\Windows\Softcamp\SDS\x64;C:\Windows\Softcamp\SDK;C:\Program Files\Git\cmd;C:\Program Files\Git\mingw64\bin;C:\Program Files\Git\usr\bin;C:\Program Files\Intel\WiFi\bin\;C:\Program Files\Common Files\Intel\WirelessCommon\;C:\Users\kangyou\AppData\Roaming\npm
10 verbose lifecycle kelly@1.0.0~lite: CWD: c:\workspace\kelly
11 silly lifecycle kelly@1.0.0~lite: Args: [ '/d /s /c', 'lite-server' ]
12 silly lifecycle kelly@1.0.0~lite: Returned: code: 3221225786  signal: null
13 info lifecycle kelly@1.0.0~lite: Failed to exec lite script
14 verbose stack Error: kelly@1.0.0 lite: `lite-server`
14 verbose stack Exit status 3221225786
14 verbose stack     at EventEmitter.<anonymous> (C:\Program Files\nodejs\node_modules\npm\lib\utils\lifecycle.js:232:16)
14 verbose stack     at emitTwo (events.js:100:13)
14 verbose stack     at EventEmitter.emit (events.js:185:7)
14 verbose stack     at ChildProcess.<anonymous> (C:\Program Files\nodejs\node_modules\npm\lib\utils\spawn.js:24:14)
14 verbose stack     at emitTwo (events.js:100:13)
14 verbose stack     at ChildProcess.emit (events.js:185:7)
14 verbose stack     at maybeClose (internal/child_process.js:827:16)
14 verbose stack     at Process.ChildProcess._handle.onexit (internal/child_process.js:211:5)
15 verbose pkgid kelly@1.0.0
16 verbose cwd c:\workspace\kelly
17 error Windows_NT 6.1.7601
18 error argv "C:\\Program Files\\nodejs\\node.exe" "C:\\Program Files\\nodejs\\node_modules\\npm\\bin\\npm-cli.js" "run" "lite"
19 error node v5.7.1
20 error npm  v3.6.0
21 error code ELIFECYCLE
22 error kelly@1.0.0 lite: `lite-server`
22 error Exit status 3221225786
23 error Failed at the kelly@1.0.0 lite script 'lite-server'.
23 error Make sure you have the latest version of node.js and npm installed.
23 error If you do, this is most likely a problem with the kelly package,
23 error not with npm itself.
23 error Tell the author that this fails on your system:
23 error     lite-server
23 error You can get information on how to open an issue for this project with:
23 error     npm bugs kelly
23 error Or if that isn't available, you can get their info via:
23 error     npm owner ls kelly
23 error There is likely additional logging output above.
24 verbose exit [ 1, true ]
